Generated at 2017-09-14 22:03:29 +0000
Net::HTTPServerException: 412 "Precondition Failed"
/opt/chefdk/embedded/lib/ruby/2.3.0/net/http/response.rb:120:in `error!'
/opt/chefdk/embedded/lib/ruby/gems/2.3.0/gems/chef-12.14.89/lib/chef/http.rb:150:in `request'
/opt/chefdk/embedded/lib/ruby/gems/2.3.0/gems/chef-12.14.89/lib/chef/http.rb:131:in `post'
/opt/chefdk/embedded/lib/ruby/gems/2.3.0/gems/chef-12.14.89/lib/chef/policy_builder/expand_node_object.rb:204:in `sync_cookbooks'
/opt/chefdk/embedded/lib/ruby/gems/2.3.0/gems/chef-12.14.89/lib/chef/policy_builder/expand_node_object.rb:83:in `setup_run_context'
/opt/chefdk/embedded/lib/ruby/gems/2.3.0/gems/chef-12.14.89/lib/chef/client.rb:510:in `setup_run_context'
/opt/chefdk/embedded/lib/ruby/gems/2.3.0/gems/chef-12.14.89/lib/chef/client.rb:280:in `run'
/opt/chefdk/embedded/lib/ruby/gems/2.3.0/gems/chef-12.14.89/lib/chef/application.rb:302:in `block in fork_chef_client'
/opt/chefdk/embedded/lib/ruby/gems/2.3.0/gems/chef-12.14.89/lib/chef/application.rb:290:in `fork'
/opt/chefdk/embedded/lib/ruby/gems/2.3.0/gems/chef-12.14.89/lib/chef/application.rb:290:in `fork_chef_client'
/opt/chefdk/embedded/lib/ruby/gems/2.3.0/gems/chef-12.14.89/lib/chef/application.rb:255:in `block in run_chef_client'
/opt/chefdk/embedded/lib/ruby/gems/2.3.0/gems/chef-12.14.89/lib/chef/local_mode.rb:44:in `with_server_connectivity'
/opt/chefdk/embedded/lib/ruby/gems/2.3.0/gems/chef-12.14.89/lib/chef/application.rb:243:in `run_chef_client'
/opt/chefdk/embedded/lib/ruby/gems/2.3.0/gems/chef-12.14.89/lib/chef/application/client.rb:464:in `sleep_then_run_chef_client'
/opt/chefdk/embedded/lib/ruby/gems/2.3.0/gems/chef-12.14.89/lib/chef/application/client.rb:451:in `block in interval_run_chef_client'
/opt/chefdk/embedded/lib/ruby/gems/2.3.0/gems/chef-12.14.89/lib/chef/application/client.rb:450:in `loop'
/opt/chefdk/embedded/lib/ruby/gems/2.3.0/gems/chef-12.14.89/lib/chef/application/client.rb:450:in `interval_run_chef_client'
/opt/chefdk/embedded/lib/ruby/gems/2.3.0/gems/chef-12.14.89/lib/chef/application/client.rb:434:in `run_application'
/opt/chefdk/embedded/lib/ruby/gems/2.3.0/gems/chef-12.14.89/lib/chef/application.rb:60:in `run'
/opt/chefdk/embedded/lib/ruby/gems/2.3.0/gems/chef-12.14.89/lib/chef/application/solo.rb:226:in `run'
/opt/chefdk/embedded/lib/ruby/gems/2.3.0/gems/chef-12.14.89/bin/chef-solo:25:in `<top (required)>'
/bin/chef-solo:57:in `load'
/bin/chef-solo:57:in `<main>'